#
# There is insufficient memory for the Java Runtime Environment to continue.
# Native memory allocation (malloc) failed to allocate 430096 bytes for Chunk::new
# Possible reasons:
#   The system is out of physical RAM or swap space
#   In 32 bit mode, the process size limit was hit
# Possible solutions:
#   Reduce memory load on the system
#   Increase physical memory or swap space
#   Check if swap backing store is full
#   Use 64 bit Java on a 64 bit OS
#   Decrease Java heap size (-Xmx/-Xms)
#   Decrease number of Java threads
#   Decrease Java thread stack sizes (-Xss)
#   Set larger code cache with -XX:ReservedCodeCacheSize=
# This output file may be truncated or incomplete.
#
#  Out of Memory Error (allocation.cpp:390), pid=19552, tid=0x0000000000005260
#
# JRE version: OpenJDK Runtime Environment (8.0_152-b02) (build 1.8.0_152-release-1024-b02)
# Java VM: OpenJDK 64-Bit Server VM (25.152-b02 mixed mode windows-amd64 compressed oops)
# Failed to write core dump. Minidumps are not enabled by default on client versions of Windows
#

---------------  T H R E A D  ---------------

Current thread (0x00000000181b8000):  JavaThread "C2 CompilerThread0" daemon [_thread_in_native, id=21088, stack(0x0000000019c50000,0x0000000019d50000)]

Stack: [0x0000000019c50000,0x0000000019d50000]
[error occurred during error reporting (printing stack bounds), id 0xc0000005]

Native frames: (J=compiled Java code, j=interpreted, Vv=VM code, C=native code)


Current CompileTask:
C2:  89912 8256   !   4       com.google.common.cache.LocalCache$Segment::lockedGetOrLoad (433 bytes)


---------------  P R O C E S S  ---------------

Java Threads: ( => current thread )
  0x000000001ea0d000 JavaThread "build operations Thread 4" [_thread_blocked, id=12688, stack(0x00000000252d0000,0x00000000253d0000)]
  0x000000001ea14000 JavaThread "build operations Thread 3" [_thread_blocked, id=6392, stack(0x00000000251d0000,0x00000000252d0000)]
  0x000000001ea11000 JavaThread "build operations Thread 2" [_thread_blocked, id=18828, stack(0x00000000250d0000,0x00000000251d0000)]
  0x000000001ea0e800 JavaThread "build operations" [_thread_blocked, id=8076, stack(0x0000000024fd0000,0x00000000250d0000)]
  0x000000001ea0c800 JavaThread "Cache worker for Artifact transforms cache (C:\Users\home\.gradle\caches\transforms-1)" [_thread_blocked, id=11432, stack(0x0000000024ed0000,0x0000000024fd0000)]
  0x000000001ea13000 JavaThread "Cache worker for file hash cache (C:\Users\home\AndroidStudioProjects\Hel_per\.gradle\4.4\fileHashes)" [_thread_blocked, id=4580, stack(0x0000000024dd0000,0x0000000024ed0000)]
  0x000000001ea0f800 JavaThread "Stdin handler" [_thread_blocked, id=3652, stack(0x0000000024cd0000,0x0000000024dd0000)]
  0x000000001ea10000 JavaThread "Asynchronous log dispatcher for DefaultDaemonConnection: socket connection from /127.0.0.1:8610 to /127.0.0.1:8699" [_thread_blocked, id=11608, stack(0x0000000024bd0000,0x0000000024cd0000)]
  0x000000001ea12800 JavaThread "Cancel handler" [_thread_blocked, id=5244, stack(0x0000000024ad0000,0x0000000024bd0000)]
  0x000000001ea11800 JavaThread "Handler for socket connection from /127.0.0.1:8610 to /127.0.0.1:8699" [_thread_in_native, id=20068, stack(0x00000000249d0000,0x0000000024ad0000)]
  0x000000001fe28800 JavaThread "Memory manager" [_thread_blocked, id=3292, stack(0x0000000022110000,0x0000000022210000)]
  0x000000001b589000 JavaThread "File lock request listener" [_thread_in_native, id=16144, stack(0x000000001c8f0000,0x000000001c9f0000)]
  0x000000001b458000 JavaThread "Cache worker for file hash cache (C:\Users\home\.gradle\caches\4.4\fileHashes)" [_thread_blocked, id=20744, stack(0x000000001c7f0000,0x000000001c8f0000)]
  0x000000001af44800 JavaThread "Daemon worker" [_thread_in_Java, id=17280, stack(0x000000001c2f0000,0x000000001c3f0000)]
  0x000000001afe5000 JavaThread "Daemon" [_thread_blocked, id=21248, stack(0x000000001bdf0000,0x000000001bef0000)]
  0x000000001afdb000 JavaThread "Daemon periodic checks" [_thread_blocked, id=15900, stack(0x000000001bcf0000,0x000000001bdf0000)]
  0x000000001afda000 JavaThread "Incoming local TCP Connector on port 8610" [_thread_in_native, id=18904, stack(0x000000001bb20000,0x000000001bc20000)]
  0x0000000019688000 JavaThread "Service Thread" daemon [_thread_blocked, id=11348, stack(0x0000000019f50000,0x000000001a050000)]
  0x0000000019672000 JavaThread "C1 CompilerThread2" daemon [_thread_blocked, id=18924, stack(0x0000000019e50000,0x0000000019f50000)]
  0x00000000181bc000 JavaThread "C2 CompilerThread1" daemon [_thread_in_native, id=12604, stack(0x0000000019d50000,0x0000000019e50000)]
=>0x00000000181b8000 JavaThread "C2 CompilerThread0" daemon [_thread_in_native, id=21088, stack(0x0000000019c50000,0x0000000019d50000)]
  0x000000001816d800 JavaThread "Attach Listener" daemon [_thread_blocked, id=6344, stack(0x0000000019b50000,0x0000000019c50000)]
  0x0000000019658800 JavaThread "Signal Dispatcher" daemon [_thread_blocked, id=19880, stack(0x0000000019a50000,0x0000000019b50000)]
  0x00000000047ec800 JavaThread "Finalizer" daemon [_thread_blocked, id=21424, stack(0x00000000193c0000,0x00000000194c0000)]
  0x00000000047e1800 JavaThread "Reference Handler" daemon [_thread_blocked, id=16956, stack(0x00000000192c0000,0x00000000193c0000)]
  0x00000000045ee000 JavaThread "main" [_thread_blocked, id=10908, stack(0x00000000045f0000,0x00000000046f0000)]

Other Threads:
  0x0000000018125800 VMThread [stack: 0x00000000191c0000,0x00000000192c0000] [id=14572]
  0x0000000019689000 WatcherThread [stack: 0x000000001a050000,0x000000001a150000] [id=18208]

VM state:not at safepoint (normal execution)

VM Mutex/Monitor currently owned by a thread: None

Heap:
 PSYoungGen      total 107520K, used 70986K [0x00000000e0000000, 0x00000000e8980000, 0x0000000100000000)
  eden space 95232K, 61% used [0x00000000e0000000,0x00000000e39534a0,0x00000000e5d00000)
  from space 12288K, 99% used [0x00000000e5d00000,0x00000000e68ff4a8,0x00000000e6900000)
  to   space 14848K, 0% used [0x00000000e7b00000,0x00000000e7b00000,0x00000000e8980000)
 ParOldGen       total 95744K, used 38149K [0x00000000a0000000, 0x00000000a5d80000, 0x00000000e0000000)
  object space 95744K, 39% used [0x00000000a0000000,0x00000000a2541738,0x00000000a5d80000)
 Metaspace       used 64673K, capacity 66538K, committed 66688K, reserved 1107968K
  class space    used 8589K, capacity 9064K, committed 9088K, reserved 1048576K

Card table byte_map: [0x0000000013bb0000,0x0000000013ec0000] byte_map_base: 0x00000000136b0000

Marking Bits: (ParMarkBitMap*) 0x00000000667b4970
 Begin Bits: [0x00000000144c0000, 0x0000000015cc0000)
 End Bits:   [0x0000000015cc0000, 0x00000000174c0000)

Polling page: 0x00000000025f0000

CodeCache: size=245760Kb used=23581Kb max_used=24079Kb free=222179Kb
 bounds [0x00000000047f0000, 0x0000000005f90000, 0x00000000137f0000]
 total_blobs=7831 nmethods=7016 adapters=728
 compilation: enabled

Compilation events (10 events):
Event: 87.938 Thread 0x0000000019672000 8265       3       java.util.Collections$SingletonList::iterator (8 bytes)
Event: 87.939 Thread 0x0000000019672000 nmethod 8265 0x0000000005da1d50 code [0x0000000005da1ec0, 0x0000000005da2190]
Event: 87.939 Thread 0x0000000019672000 8264       1       com.android.build.gradle.internal.api.DefaultAndroidSourceSet::getName (5 bytes)
Event: 87.941 Thread 0x0000000019672000 nmethod 8264 0x0000000005da1a90 code [0x0000000005da1be0, 0x0000000005da1cf0]
Event: 87.957 Thread 0x0000000019672000 8266       3       org.gradle.api.internal.collections.BroadcastingCollectionEventRegister::registerAddAction (10 bytes)
Event: 87.958 Thread 0x0000000019672000 nmethod 8266 0x0000000005cf7710 code [0x0000000005cf7880, 0x0000000005cf7b48]
Event: 87.963 Thread 0x0000000019672000 8267       3       org.gradle.api.internal.DelegatingDomainObjectSet::all (11 bytes)
Event: 87.964 Thread 0x0000000019672000 nmethod 8267 0x0000000005cf7290 code [0x0000000005cf7400, 0x0000000005cf7628]
Event: 87.966 Thread 0x00000000181bc000 8268 %     4       org.apache.commons.lang.StringUtils::containsAny @ 54 (128 bytes)
Event: 87.967 Thread 0x0000000019672000 8270       3       org.gradle.api.internal.artifacts.configurations.DefaultConfiguration::notifyChildren (40 bytes)

GC Heap History (10 events):
Event: 14.273 GC heap before
{Heap before GC invocations=18 (full 2):
 PSYoungGen      total 71680K, used 71660K [0x00000000e0000000, 0x00000000e6080000, 0x0000000100000000)
  eden space 65024K, 100% used [0x00000000e0000000,0x00000000e3f80000,0x00000000e3f80000)
  from space 6656K, 99% used [0x00000000e3f80000,0x00000000e45fb2f0,0x00000000e4600000)
  to   space 8704K, 0% used [0x00000000e5800000,0x00000000e5800000,0x00000000e6080000)
 ParOldGen       total 59392K, used 21133K [0x00000000a0000000, 0x00000000a3a00000, 0x00000000e0000000)
  object space 59392K, 35% used [0x00000000a0000000,0x00000000a14a36b0,0x00000000a3a00000)
 Metaspace       used 49334K, capacity 50882K, committed 50944K, reserved 1093632K
  class space    used 6741K, capacity 7142K, committed 7168K, reserved 1048576K
Event: 14.318 GC heap after
Heap after GC invocations=18 (full 2):
 PSYoungGen      total 87552K, used 8694K [0x00000000e0000000, 0x00000000e6980000, 0x0000000100000000)
  eden space 78848K, 0% used [0x00000000e0000000,0x00000000e0000000,0x00000000e4d00000)
  from space 8704K, 99% used [0x00000000e5800000,0x00000000e607db38,0x00000000e6080000)
  to   space 11264K, 0% used [0x00000000e4d00000,0x00000000e4d00000,0x00000000e5800000)
 ParOldGen       total 59392K, used 25413K [0x00000000a0000000, 0x00000000a3a00000, 0x00000000e0000000)
  object space 59392K, 42% used [0x00000000a0000000,0x00000000a18d17c8,0x00000000a3a00000)
 Metaspace       used 49334K, capacity 50882K, committed 50944K, reserved 1093632K
  class space    used 6741K, capacity 7142K, committed 7168K, reserved 1048576K
}
Event: 16.424 GC heap before
{Heap before GC invocations=19 (full 2):
 PSYoungGen      total 87552K, used 87542K [0x00000000e0000000, 0x00000000e6980000, 0x0000000100000000)
  eden space 78848K, 100% used [0x00000000e0000000,0x00000000e4d00000,0x00000000e4d00000)
  from space 8704K, 99% used [0x00000000e5800000,0x00000000e607db38,0x00000000e6080000)
  to   space 11264K, 0% used [0x00000000e4d00000,0x00000000e4d00000,0x00000000e5800000)
 ParOldGen       total 59392K, used 25413K [0x00000000a0000000, 0x00000000a3a00000, 0x00000000e0000000)
  object space 59392K, 42% used [0x00000000a0000000,0x00000000a18d17c8,0x00000000a3a00000)
 Metaspace       used 55419K, capacity 57160K, committed 57344K, reserved 1097728K
  class space    used 7621K, capacity 8077K, committed 8192K, reserved 1048576K
Event: 16.491 GC heap after
Heap after GC invocations=19 (full 2):
 PSYoungGen      total 90112K, used 9245K [0x00000000e0000000, 0x00000000e7680000, 0x0000000100000000)
  eden space 78848K, 0% used [0x00000000e0000000,0x00000000e0000000,0x00000000e4d00000)
  from space 11264K, 82% used [0x00000000e4d00000,0x00000000e56077e0,0x00000000e5800000)
  to   space 12288K, 0% used [0x00000000e6a80000,0x00000000e6a80000,0x00000000e7680000)
 ParOldGen       total 59392K, used 32744K [0x00000000a0000000, 0x00000000a3a00000, 0x00000000e0000000)
  object space 59392K, 55% used [0x00000000a0000000,0x00000000a1ffa0f0,0x00000000a3a00000)
 Metaspace       used 55419K, capacity 57160K, committed 57344K, reserved 1097728K
  class space    used 7621K, capacity 8077K, committed 8192K, reserved 1048576K
}
Event: 21.017 GC heap before
{Heap before GC invocations=20 (full 2):
 PSYoungGen      total 90112K, used 48916K [0x00000000e0000000, 0x00000000e7680000, 0x0000000100000000)
  eden space 78848K, 50% used [0x00000000e0000000,0x00000000e26bd910,0x00000000e4d00000)
  from space 11264K, 82% used [0x00000000e4d00000,0x00000000e56077e0,0x00000000e5800000)
  to   space 12288K, 0% used [0x00000000e6a80000,0x00000000e6a80000,0x00000000e7680000)
 ParOldGen       total 59392K, used 32744K [0x00000000a0000000, 0x00000000a3a00000, 0x00000000e0000000)
  object space 59392K, 55% used [0x00000000a0000000,0x00000000a1ffa0f0,0x00000000a3a00000)
 Metaspace       used 57091K, capacity 58828K, committed 59008K, reserved 1099776K
  class space    used 7817K, capacity 8243K, committed 8320K, reserved 1048576K
Event: 21.031 GC heap after
Heap after GC invocations=20 (full 2):
 PSYoungGen      total 105984K, used 3232K [0x00000000e0000000, 0x00000000e7500000, 0x0000000100000000)
  eden space 95232K, 0% used [0x00000000e0000000,0x00000000e0000000,0x00000000e5d00000)
  from space 10752K, 30% used [0x00000000e6a80000,0x00000000e6da8320,0x00000000e7500000)
  to   space 12288K, 0% used [0x00000000e5d00000,0x00000000e5d00000,0x00000000e6900000)
 ParOldGen       total 59392K, used 38399K [0x00000000a0000000, 0x00000000a3a00000, 0x00000000e0000000)
  object space 59392K, 64% used [0x00000000a0000000,0x00000000a257fe68,0x00000000a3a00000)
 Metaspace       used 57091K, capacity 58828K, committed 59008K, reserved 1099776K
  class space    used 7817K, capacity 8243K, committed 8320K, reserved 1048576K
}
Event: 21.031 GC heap before
{Heap before GC invocations=21 (full 3):
 PSYoungGen      total 105984K, used 3232K [0x00000000e0000000, 0x00000000e7500000, 0x0000000100000000)
  eden space 95232K, 0% used [0x00000000e0000000,0x00000000e0000000,0x00000000e5d00000)
  from space 10752K, 30% used [0x00000000e6a80000,0x00000000e6da8320,0x00000000e7500000)
  to   space 12288K, 0% used [0x00000000e5d00000,0x00000000e5d00000,0x00000000e6900000)
 ParOldGen       total 59392K, used 38399K [0x00000000a0000000, 0x00000000a3a00000, 0x00000000e0000000)
  object space 59392K, 64% used [0x00000000a0000000,0x00000000a257fe68,0x00000000a3a00000)
 Metaspace       used 57091K, capacity 58828K, committed 59008K, reserved 1099776K
  class space    used 7817K, capacity 8243K, committed 8320K, reserved 1048576K
Event: 21.320 GC heap after
Heap after GC invocations=21 (full 3):
 PSYoungGen      total 105984K, used 0K [0x00000000e0000000, 0x00000000e7500000, 0x0000000100000000)
  eden space 95232K, 0% used [0x00000000e0000000,0x00000000e0000000,0x00000000e5d00000)
  from space 10752K, 0% used [0x00000000e6a80000,0x00000000e6a80000,0x00000000e7500000)
  to   space 12288K, 0% used [0x00000000e5d00000,0x00000000e5d00000,0x00000000e6900000)
 ParOldGen       total 95744K, used 35577K [0x00000000a0000000, 0x00000000a5d80000, 0x00000000e0000000)
  object space 95744K, 37% used [0x00000000a0000000,0x00000000a22be738,0x00000000a5d80000)
 Metaspace       used 57091K, capacity 58828K, committed 59008K, reserved 1099776K
  class space    used 7817K, capacity 8243K, committed 8320K, reserved 1048576K
}
Event: 24.701 GC heap before
{Heap before GC invocations=22 (full 3):
 PSYoungGen      total 105984K, used 95232K [0x00000000e0000000, 0x00000000e7500000, 0x0000000100000000)
  eden space 95232K, 100% used [0x00000000e0000000,0x00000000e5d00000,0x00000000e5d00000)
  from space 10752K, 0% used [0x00000000e6a80000,0x00000000e6a80000,0x00000000e7500000)
  to   space 12288K, 0% used [0x00000000e5d00000,0x00000000e5d00000,0x00000000e6900000)
 ParOldGen       total 95744K, used 35577K [0x00000000a0000000, 0x00000000a5d80000, 0x00000000e0000000)
  object space 95744K, 37% used [0x00000000a0000000,0x00000000a22be738,0x00000000a5d80000)
 Metaspace       used 61483K, capacity 63262K, committed 63360K, reserved 1103872K
  class space    used 8353K, capacity 8800K, committed 8832K, reserved 1048576K
Event: 24.722 GC heap after
Heap after GC invocations=22 (full 3):
 PSYoungGen      total 107520K, used 12285K [0x00000000e0000000, 0x00000000e8980000, 0x0000000100000000)
  eden space 95232K, 0% used [0x00000000e0000000,0x00000000e0000000,0x00000000e5d00000)
  from space 12288K, 99% used [0x00000000e5d00000,0x00000000e68ff4a8,0x00000000e6900000)
  to   space 14848K, 0% used [0x00000000e7b00000,0x00000000e7b00000,0x00000000e8980000)
 ParOldGen       total 95744K, used 38149K [0x00000000a0000000, 0x00000000a5d80000, 0x00000000e0000000)
  object space 95744K, 39% used [0x00000000a0000000,0x00000000a2541738,0x00000000a5d80000)
 Metaspace       used 61483K, capacity 63262K, committed 63360K, reserved 1103872K
  class space    used 8353K, capacity 8800K, committed 8832K, reserved 1048576K
}

Deoptimization events (10 events):
Event: 25.864 Thread 0x000000001afe5000 Uncommon trap: reason=bimorphic action=maybe_recompile pc=0x00000000053bb17c method=java.io.ObjectOutputStream$BlockDataOutputStream.write([BIIZ)V @ 23
Event: 25.865 Thread 0x000000001afe5000 Uncommon trap: reason=unstable_if action=reinterpret pc=0x0000000005be1714 method=java.io.ObjectOutputStream$HandleTable.assign(Ljava/lang/Object;)I @ 24
Event: 26.040 Thread 0x000000001b052800 Uncommon trap: reason=unstable_if action=reinterpret pc=0x000000000516b834 method=com.esotericsoftware.kryo.io.Input.require(I)I @ 117
Event: 63.140 Thread 0x000000001afdb000 Uncommon trap: reason=bimorphic action=maybe_recompile pc=0x0000000005b6b11c method=java.util.HashMap.removeNode(ILjava/lang/Object;Ljava/lang/Object;ZZ)Ljava/util/HashMap$Node; @ 283
Event: 63.145 Thread 0x000000001afdb000 Uncommon trap: reason=bimorphic action=maybe_recompile pc=0x0000000005b6b11c method=java.util.HashMap.removeNode(ILjava/lang/Object;Ljava/lang/Object;ZZ)Ljava/util/HashMap$Node; @ 283
Event: 73.142 Thread 0x000000001afdb000 Uncommon trap: reason=bimorphic action=maybe_recompile pc=0x0000000005b6b11c method=java.util.HashMap.removeNode(ILjava/lang/Object;Ljava/lang/Object;ZZ)Ljava/util/HashMap$Node; @ 283
Event: 83.394 Thread 0x000000001ea11800 Uncommon trap: reason=bimorphic action=maybe_recompile pc=0x0000000004de2520 method=java.io.DataInputStream.readChar()C @ 4
Event: 83.400 Thread 0x000000001ea11800 Uncommon trap: reason=bimorphic action=maybe_recompile pc=0x0000000004de2520 method=java.io.DataInputStream.readChar()C @ 4
Event: 83.400 Thread 0x000000001ea11800 Uncommon trap: reason=bimorphic action=maybe_recompile pc=0x0000000004de2520 method=java.io.DataInputStream.readChar()C @ 4
Event: 83.420 Thread 0x000000001ea11800 Uncommon trap: reason=bimorphic action=maybe_recompile pc=0x0000000004de2520 method=java.io.DataInputStream.readChar()C @ 4

Classes redefined (0 events):
No events

Internal exceptions (10 events):
Event: 25.398 Thread 0x000000001ea0e800 Exception <a 'java/lang/NoSuchMethodError': <clinit>> (0x00000000e1c09258) thrown at [D:\src\AOSP-openjdk-cygwin\jdk8u\hotspot\src\share\vm\prims\jni.cpp, line 1613]
Event: 25.861 Thread 0x000000001afe5000 Exception <a 'java/lang/NoSuchMethodError': <clinit>> (0x00000000e2c932a8) thrown at [D:\src\AOSP-openjdk-cygwin\jdk8u\hotspot\src\share\vm\prims\jni.cpp, line 1613]
Event: 25.864 Thread 0x000000001afe5000 Exception <a 'java/lang/NoSuchMethodError': <clinit>> (0x00000000e2cb0170) thrown at [D:\src\AOSP-openjdk-cygwin\jdk8u\hotspot\src\share\vm\prims\jni.cpp, line 1613]
Event: 25.871 Thread 0x000000001afe5000 Exception <a 'java/lang/NoSuchMethodError': <clinit>> (0x00000000e2cd21c0) thrown at [D:\src\AOSP-openjdk-cygwin\jdk8u\hotspot\src\share\vm\prims\jni.cpp, line 1613]
Event: 25.871 Thread 0x000000001afe5000 Exception <a 'java/lang/NoSuchMethodError': <clinit>> (0x00000000e2cd7d28) thrown at [D:\src\AOSP-openjdk-cygwin\jdk8u\hotspot\src\share\vm\prims\jni.cpp, line 1613]
Event: 25.872 Thread 0x000000001afe5000 Exception <a 'java/lang/NoSuchMethodError': <clinit>> (0x00000000e2ceb138) thrown at [D:\src\AOSP-openjdk-cygwin\jdk8u\hotspot\src\share\vm\prims\jni.cpp, line 1613]
Event: 25.876 Thread 0x000000001afe5000 Exception <a 'java/lang/NoSuchMethodError': <clinit>> (0x00000000e2d14258) thrown at [D:\src\AOSP-openjdk-cygwin\jdk8u\hotspot\src\share\vm\prims\jni.cpp, line 1613]
Event: 25.877 Thread 0x000000001afe5000 Exception <a 'java/lang/NoSuchMethodError': <clinit>> (0x00000000e2d2ad10) thrown at [D:\src\AOSP-openjdk-cygwin\jdk8u\hotspot\src\share\vm\prims\jni.cpp, line 1613]
Event: 26.038 Thread 0x000000001b052800 Exception <a 'java/lang/NoSuchMethodError': <clinit>> (0x00000000e2da5418) thrown at [D:\src\AOSP-openjdk-cygwin\jdk8u\hotspot\src\share\vm\prims\jni.cpp, line 1613]
Event: 87.639 Thread 0x000000001af44800 Exception <a 'sun/nio/fs/WindowsException'> (0x00000000e3844830) thrown at [D:\src\AOSP-openjdk-cygwin\jdk8u\hotspot\src\share\vm\prims\jni.cpp, line 709]

Events (10 events):
Event: 86.591 Thread 0x000000001ea14000 Thread added: 0x000000001ea14000
Event: 86.593 Thread 0x000000001ea0d000 Thread added: 0x000000001ea0d000
Event: 86.594 Executing VM operation: RevokeBias
Event: 86.614 Executing VM operation: RevokeBias done
Event: 86.617 Executing VM operation: RevokeBias
Event: 86.639 Executing VM operation: RevokeBias done
Event: 86.639 Executing VM operation: RevokeBias
Event: 86.649 Executing VM operation: RevokeBias done
Event: 86.676 Executing VM operation: RevokeBias
Event: 86.680 Executing VM operation: RevokeBias done


Dynamic libraries:
0x00007ff6e0630000 - 0x00007ff6e0661000 	C:\Program Files\Android\Android Studio\jre\bin\java.exe
0x00007ffcd5ac0000 - 0x00007ffcd5ca0000 	C:\WINDOWS\SYSTEM32\ntdll.dll
0x00007ffcd38c0000 - 0x00007ffcd396e000 	C:\WINDOWS\System32\KERNEL32.DLL
0x00007ffcd2b00000 - 0x00007ffcd2d66000 	C:\WINDOWS\System32\KERNELBASE.dll
0x00007ffcd4ff0000 - 0x00007ffcd5091000 	C:\WINDOWS\System32\ADVAPI32.dll
0x00007ffcd3490000 - 0x00007ffcd352d000 	C:\WINDOWS\System32\msvcrt.dll
0x00007ffcd5120000 - 0x00007ffcd517b000 	C:\WINDOWS\System32\sechost.dll
0x00007ffcd5180000 - 0x00007ffcd529f000 	C:\WINDOWS\System32\RPCRT4.dll
0x00007ffcd3530000 - 0x00007ffcd36bf000 	C:\WINDOWS\System32\USER32.dll
0x00007ffcd2290000 - 0x00007ffcd22b0000 	C:\WINDOWS\System32\win32u.dll
0x00007ffcd36c0000 - 0x00007ffcd36e8000 	C:\WINDOWS\System32\GDI32.dll
0x00007ffcd2df0000 - 0x00007ffcd2f83000 	C:\WINDOWS\System32\gdi32full.dll
0x00007ffcd22b0000 - 0x00007ffcd234b000 	C:\WINDOWS\System32\msvcp_win.dll
0x00007ffcd2190000 - 0x00007ffcd2286000 	C:\WINDOWS\System32\ucrtbase.dll
0x00007ffcc4770000 - 0x00007ffcc49d9000 	C:\WINDOWS\WinSxS\amd64_microsoft.windows.common-controls_6595b64144ccf1df_6.0.16299.431_none_15c7d3ee93659e73\COMCTL32.dll
0x00007ffcd2f90000 - 0x00007ffcd3298000 	C:\WINDOWS\System32\combase.dll
0x00007ffcd2d70000 - 0x00007ffcd2de2000 	C:\WINDOWS\System32\bcryptPrimitives.dll
0x00007ffcd5590000 - 0x00007ffcd55bd000 	C:\WINDOWS\System32\IMM32.DLL
0x0000000067340000 - 0x0000000067412000 	C:\Program Files\Android\Android Studio\jre\jre\bin\msvcr100.dll
0x0000000065ff0000 - 0x000000006682f000 	C:\Program Files\Android\Android Studio\jre\jre\bin\server\jvm.dll
0x00007ffcd50a0000 - 0x00007ffcd50a8000 	C:\WINDOWS\System32\PSAPI.DLL
0x00007ffcc4aa0000 - 0x00007ffcc4aaa000 	C:\WINDOWS\SYSTEM32\VERSION.dll
0x00007ffccfdd0000 - 0x00007ffccfdf3000 	C:\WINDOWS\SYSTEM32\WINMM.dll
0x00007ffcce700000 - 0x00007ffcce709000 	C:\WINDOWS\SYSTEM32\WSOCK32.dll
0x00007ffcd50b0000 - 0x00007ffcd511c000 	C:\WINDOWS\System32\WS2_32.dll
0x00007ffccfd70000 - 0x00007ffccfd9a000 	C:\WINDOWS\SYSTEM32\winmmbase.dll
0x00007ffcd1ec0000 - 0x00007ffcd1f0a000 	C:\WINDOWS\System32\cfgmgr32.dll
0x00007ffccd0b0000 - 0x00007ffccd0bf000 	C:\Program Files\Android\Android Studio\jre\jre\bin\verify.dll
0x00007ffcbf9a0000 - 0x00007ffcbf9c9000 	C:\Program Files\Android\Android Studio\jre\jre\bin\java.dll
0x00007ffcbfa40000 - 0x00007ffcbfa56000 	C:\Program Files\Android\Android Studio\jre\jre\bin\zip.dll
0x00007ffcd3b30000 - 0x00007ffcd4f68000 	C:\WINDOWS\System32\SHELL32.dll
0x00007ffcd5480000 - 0x00007ffcd5526000 	C:\WINDOWS\System32\shcore.dll
0x00007ffcd23b0000 - 0x00007ffcd2af7000 	C:\WINDOWS\System32\windows.storage.dll
0x00007ffcd5a30000 - 0x00007ffcd5a81000 	C:\WINDOWS\System32\shlwapi.dll
0x00007ffcd1ea0000 - 0x00007ffcd1eb1000 	C:\WINDOWS\System32\kernel.appcore.dll
0x00007ffcd1e30000 - 0x00007ffcd1e7c000 	C:\WINDOWS\System32\powrprof.dll
0x00007ffcd1e80000 - 0x00007ffcd1e9b000 	C:\WINDOWS\System32\profapi.dll
0x00007ffcbf980000 - 0x00007ffcbf99a000 	C:\Program Files\Android\Android Studio\jre\jre\bin\net.dll
0x00007ffcd1640000 - 0x00007ffcd16a6000 	C:\WINDOWS\system32\mswsock.dll
0x00007ffcbe5d0000 - 0x00007ffcbe5e1000 	C:\Program Files\Android\Android Studio\jre\jre\bin\nio.dll
0x00007ffcbfa60000 - 0x00007ffcbfa7e000 	C:\Users\home\.gradle\native\25\windows-amd64\native-platform.dll
0x00007ffcc8f40000 - 0x00007ffcc8f4d000 	C:\Program Files\Android\Android Studio\jre\jre\bin\management.dll
0x00007ffcd1800000 - 0x00007ffcd1817000 	C:\WINDOWS\SYSTEM32\CRYPTSP.dll
0x00007ffcd1240000 - 0x00007ffcd1273000 	C:\WINDOWS\system32\rsaenh.dll
0x00007ffcd1910000 - 0x00007ffcd1935000 	C:\WINDOWS\SYSTEM32\bcrypt.dll
0x00007ffcd1d10000 - 0x00007ffcd1d39000 	C:\WINDOWS\SYSTEM32\USERENV.dll
0x00007ffcd1820000 - 0x00007ffcd182b000 	C:\WINDOWS\SYSTEM32\CRYPTBASE.dll
0x00007ffcd13d0000 - 0x00007ffcd1409000 	C:\WINDOWS\SYSTEM32\IPHLPAPI.DLL
0x00007ffcd55c0000 - 0x00007ffcd55c8000 	C:\WINDOWS\System32\NSI.dll
0x00007ffccc0b0000 - 0x00007ffccc0c6000 	C:\WINDOWS\SYSTEM32\dhcpcsvc6.DLL
0x00007ffccc080000 - 0x00007ffccc09a000 	C:\WINDOWS\SYSTEM32\dhcpcsvc.DLL
0x00007ffcbc770000 - 0x00007ffcbc794000 	C:\Program Files\Android\Android Studio\jre\jre\bin\sunec.dll
0x00007ffcd1410000 - 0x00007ffcd14c6000 	C:\WINDOWS\SYSTEM32\DNSAPI.dll
0x00007ffcc9f10000 - 0x00007ffcc9f1a000 	C:\Windows\System32\rasadhlp.dll
0x00007ffcc9d60000 - 0x00007ffcc9dd0000 	C:\WINDOWS\System32\fwpuclnt.dll
0x00007ffcc2b70000 - 0x00007ffcc2b7b000 	C:\Program Files\Android\Android Studio\jre\jre\bin\sunmscapi.dll
0x00007ffcd1f10000 - 0x00007ffcd20de000 	C:\WINDOWS\System32\CRYPT32.dll
0x00007ffcd1e10000 - 0x00007ffcd1e22000 	C:\WINDOWS\System32\MSASN1.dll

VM Arguments:
jvm_args: -Xmx1536m -Dfile.encoding=x-windows-949 -Duser.country=KR -Duser.language=ko -Duser.variant 
java_command: org.gradle.launcher.daemon.bootstrap.GradleDaemon 4.4
java_class_path (initial): C:\Users\home\.gradle\wrapper\dists\gradle-4.4-all\9br9xq1tocpiv8o6njlyu5op1\gradle-4.4\lib\gradle-launcher-4.4.jar
Launcher Type: SUN_STANDARD

Environment Variables:
JAVA_HOME=C:\Program Files\Java\jdk1.8.0_152
PATH=C:\Program Files (x86)\Common Files\Oracle\Java\javapath;C:\Program Files (x86)\NVIDIA Corporation\PhysX\Common;C:\ProgramData\Oracle\Java\javapath;C:\Program Files (x86)\Intel\iCLS Client\;C:\Program Files\Intel\iCLS Client\;C:\WINDOWS\system32;C:\WINDOWS;C:\WINDOWS\System32\Wbem;C:\WINDOWS\System32\WindowsPowerShell\v1.0\;C:\Program Files (x86)\Intel\Intel(R) Management Engine Components\DAL;C:\Program Files\Intel\Intel(R) Management Engine Components\DAL;C:\Program Files (x86)\Intel\Intel(R) Management Engine Components\IPT;C:\Program Files\Intel\Intel(R) Management Engine Components\IPT;C:\Program Files (x86)\Windows Kits\10\Windows Performance Toolkit\;C:\Users\home\AppData\Local\Programs\Python\Python36\;C:\Program Files\Git\cmd;C:\Program Files\Git\mingw64\bin;C:\Program Files\Git\usr\bin;C:\Program Files\Java\jdk1.8.0_152\bin;C:\Users\home\AppData\Local\Programs\Python\Python36\Scripts\;C:\Users\home\AppData\Local\Programs\Python\Python36\;C:\Users\home\AppData\Local\Microsoft\WindowsApps;C:\Users\home\AppData\Local\Microsoft\WindowsApps;
USERNAME=home
OS=Windows_NT
PROCESSOR_IDENTIFIER=Intel64 Family 6 Model 142 Stepping 9, GenuineIntel



---------------  S Y S T E M  ---------------

OS: Windows 10.0 , 64 bit Build 16299 (10.0.16299.431)

CPU:total 4 (initial active 4) (2 cores per cpu, 2 threads per core) family 6 model 142 stepping 9, cmov, cx8, fxsr, mmx, sse, sse2, sse3, ssse3, sse4.1, sse4.2, popcnt, avx, avx2, aes, clmul, erms, 3dnowpref, lzcnt, ht, tsc, tscinvbit, bmi1, bmi2, adx

Memory: 4k page, physical 4078668k(356076k free), swap 12302612k(0k free)

vm_info: OpenJDK 64-Bit Server VM (25.152-b02) for windows-amd64 JRE (1.8.0_152-release-1024-b02), built by "builder" with MS VC++ 10.0 (VS2010)

time: Sun May 13 19:19:04 2018
elapsed time: 89 seconds (0d 0h 1m 29s)

